#
# A fatal error has been detected by the Java Runtime Environment:
#
#  EXCEPTION_ACCESS_VIOLATION (0xc0000005) at pc=0x011369fd, pid=5408, tid=1456
#
# JRE version: Java(TM) SE Runtime Environment (7.0_51-b13) (build 1.7.0_51-b13)
# Java VM: Java HotSpot(TM) Client VM (24.51-b03 mixed mode, sharing windows-x86 )
# Problematic frame:
# C  [wpcap.dll+0x169fd]
#
# Failed to write core dump. Minidumps are not enabled by default on client versions of Windows
#
# If you would like to submit a bug report, please visit:
#   http://bugreport.sun.com/bugreport/crash.jsp
# The crash happened outside the Java Virtual Machine in native code.
# See problematic frame for where to report the bug.
#

---------------  T H R E A D  ---------------

Current thread (0x04dfbc00):  JavaThread "CaptorThread" [_thread_in_native, id=1456, stack(0x0a990000,0x0a9e0000)]

siginfo: ExceptionCode=0xc0000005, reading address 0x00000224

Registers:
EAX=0x00000214, EBX=0x0a9df788, ECX=0x0a9df790, EDX=0x0a9df788
ESP=0x0a9df750, EBP=0x0a9df76c, ESI=0x00000000, EDI=0x0a9df790
EIP=0x011369fd, EFLAGS=0x00010216

Top of Stack: (sp=0x0a9df750)
0x0a9df750:   00000000 04dfbd30 34738898 0a9df8e4
0x0a9df760:   5ae2058e 982dd195 fffffffe 0a9df7a8
0x0a9df770:   10001a7a 00000000 0a9df788 0a9df790
0x0a9df780:   04dfbc00 0a9df7b4 00000214 028f7b93
0x0a9df790:   04dfbd30 0a9df798 29ace360 00000007
0x0a9df7a0:   0a9df7d8 027802fb 0a9df7d8 0277339a
0x0a9df7b0:   0277339a 29ace360 0a9df7b8 34640b04
0x0a9df7c0:   0a9df7e4 34643848 00000000 34640b50 

Instructions: (pc=0x011369fd)
0x011369dd:   cc cc cc 55 8b ec 83 e4 f8 83 ec 0c 53 8b 5d 0c
0x011369ed:   56 8b 75 08 8d 86 14 02 00 00 57 8b 7d 10 89 03
0x011369fd:   83 be 24 02 00 00 00 89 44 24 10 89 7c 24 14 74
0x01136a0d:   31 83 be 34 02 00 00 00 75 15 8b ce e8 82 cb ff 


Register to memory mapping:

EAX=0x00000214 is an unknown value
EBX=0x0a9df788 is pointing into the stack for thread: 0x04dfbc00
ECX=0x0a9df790 is pointing into the stack for thread: 0x04dfbc00
EDX=0x0a9df788 is pointing into the stack for thread: 0x04dfbc00
ESP=0x0a9df750 is pointing into the stack for thread: 0x04dfbc00
EBP=0x0a9df76c is pointing into the stack for thread: 0x04dfbc00
ESI=0x00000000 is an unknown value
EDI=0x0a9df790 is pointing into the stack for thread: 0x04dfbc00


Stack: [0x0a990000,0x0a9e0000],  sp=0x0a9df750,  free space=317k
Native frames: (J=compiled Java code, j=interpreted, Vv=VM code, C=native code)
C  [wpcap.dll+0x169fd]
C  [jpcap.dll+0x1a7a]
j  com.angelis.tera.packet.captor.Captor.run()V+12
j  java.lang.Thread.run()V+11
v  ~StubRoutines::call_stub
V  [jvm.dll+0x13f35a]
V  [jvm.dll+0x202c6e]
V  [jvm.dll+0x13f525]
V  [jvm.dll+0x13f587]
V  [jvm.dll+0xeb81f]
V  [jvm.dll+0x16059c]
V  [jvm.dll+0x160fd7]
V  [jvm.dll+0x1a4b79]
C  [msvcr100.dll+0x5c556]
C  [msvcr100.dll+0x5c600]
C  [kernel32.dll+0x13677]
C  [ntdll.dll+0x39f42]
C  [ntdll.dll+0x39f15]

Java frames: (J=compiled Java code, j=interpreted, Vv=VM code)
J  jpcap.JpcapCaptor.getPacket()Ljpcap/packet/Packet;
j  com.angelis.tera.packet.captor.Captor.run()V+12
j  java.lang.Thread.run()V+11
v  ~StubRoutines::call_stub

---------------  P R O C E S S  ---------------

Java Threads: ( => current thread )
  0x0052d000 JavaThread "DestroyJavaVM" [_thread_blocked, id=2300, stack(0x00df0000,0x00e40000)]
=>0x04dfbc00 JavaThread "CaptorThread" [_thread_in_native, id=1456, stack(0x0a990000,0x0a9e0000)]
  0x07be1800 JavaThread "D3D Screen Updater" daemon [_thread_blocked, id=3100, stack(0x07e60000,0x07eb0000)]
  0x07a8a400 JavaThread "TimerQueue" daemon [_thread_blocked, id=1552, stack(0x06480000,0x064d0000)]
  0x04eb6400 JavaThread "AWT-EventQueue-0" [_thread_blocked, id=5840, stack(0x05400000,0x05450000)]
  0x04d5d800 JavaThread "AWT-Windows" daemon [_thread_in_native, id=5964, stack(0x054e0000,0x05530000)]
  0x04d5d000 JavaThread "AWT-Shutdown" [_thread_blocked, id=5436, stack(0x011c0000,0x01210000)]
  0x04d5a400 JavaThread "Java2D Disposer" daemon [_thread_blocked, id=2628, stack(0x05470000,0x054c0000)]
  0x004e0800 JavaThread "Service Thread" daemon [_thread_blocked, id=3620, stack(0x04950000,0x049a0000)]
  0x004dbc00 JavaThread "C1 CompilerThread0" daemon [_thread_blocked, id=2704, stack(0x04a70000,0x04ac0000)]
  0x004da800 JavaThread "Attach Listener" daemon [_thread_blocked, id=748, stack(0x049e0000,0x04a30000)]
  0x004d7400 JavaThread "Signal Dispatcher" daemon [_thread_blocked, id=4412, stack(0x04870000,0x048c0000)]
  0x0046dc00 JavaThread "Finalizer" daemon [_thread_blocked, id=1772, stack(0x012a0000,0x012f0000)]
  0x00468c00 JavaThread "Reference Handler" daemon [_thread_blocked, id=4908, stack(0x00fc0000,0x01010000)]

Other Threads:
  0x00467000 VMThread [stack: 0x01170000,0x011c0000] [id=1508]
  0x004fc000 WatcherThread [stack: 0x04c90000,0x04ce0000] [id=1516]

VM state:not at safepoint (normal execution)

VM Mutex/Monitor currently owned by a thread: None

Heap
 def new generation   total 19136K, used 6028K [0x24350000, 0x25810000, 0x298a0000)
  eden space 17024K,  35% used [0x24350000, 0x249331d8, 0x253f0000)
  from space 2112K,   0% used [0x253f0000, 0x253f0000, 0x25600000)
  to   space 2112K,   0% used [0x25600000, 0x25600000, 0x25810000)
 tenured generation   total 42356K, used 25412K [0x298a0000, 0x2c1fd000, 0x34350000)
   the space 42356K,  59% used [0x298a0000, 0x2b171108, 0x2b171200, 0x2c1fd000)
 compacting perm gen  total 12288K, used 4161K [0x34350000, 0x34f50000, 0x38350000)
   the space 12288K,  33% used [0x34350000, 0x34760410, 0x34760600, 0x34f50000)
    ro space 10240K,  41% used [0x38350000, 0x38782050, 0x38782200, 0x38d50000)
    rw space 12288K,  52% used [0x38d50000, 0x39396800, 0x39396800, 0x39950000)

Card table byte_map: [0x00e40000,0x00ef0000] byte_map_base: 0x00d1e580

Polling page: 0x00270000

Code Cache  [0x02770000, 0x02938000, 0x04770000)
 total_blobs=1123 nmethods=876 adapters=182 free_code_cache=30954Kb largest_free_block=31697728

Compilation events (10 events):
Event: 120.233 Thread 0x004dbc00  876   !         java.awt.event.InvocationEvent::dispatch (136 bytes)
Event: 120.233 Thread 0x004dbc00 nmethod 876 0x0292f188 code [0x0292f2d0, 0x0292f7e0]
Event: 120.282 Thread 0x004dbc00  877             java.awt.Component::updateCursorImmediately (55 bytes)
Event: 120.282 Thread 0x004dbc00 nmethod 877 0x0292fac8 code [0x0292fbf0, 0x0292fd98]
Event: 120.403 Thread 0x004dbc00  878   !         javax.swing.JComponent::_paintImmediately (891 bytes)
Event: 120.406 Thread 0x004dbc00 nmethod 878 0x0292fec8 code [0x02930300, 0x02931f88]
Event: 120.675 Thread 0x004dbc00  879             com.sun.java.swing.plaf.windows.TMSchema$Prop::getValue (5 bytes)
Event: 120.675 Thread 0x004dbc00 nmethod 879 0x02935108 code [0x02935200, 0x02935280]
Event: 120.778 Thread 0x004dbc00  880             sun.util.locale.LocaleUtils::toLower (17 bytes)
Event: 120.779 Thread 0x004dbc00 nmethod 880 0x029352c8 code [0x029353c0, 0x02935460]

GC Heap History (10 events):
Event: 3.516 GC heap before
{Heap before GC invocations=12 (full 4):
 def new generation   total 9472K, used 8115K [0x24350000, 0x24d90000, 0x298a0000)
  eden space 8448K,  96% used [0x24350000, 0x24b3cd70, 0x24b90000)
  from space 1024K,   0% used [0x24b90000, 0x24b90000, 0x24c90000)
  to   space 1024K,   0% used [0x24c90000, 0x24c90000, 0x24d90000)
 tenured generation   total 20852K, used 12511K [0x298a0000, 0x2acfd000, 0x34350000)
   the space 20852K,  59% used [0x298a0000, 0x2a4d7c70, 0x2a4d7e00, 0x2acfd000)
 compacting perm gen  total 12288K, used 4103K [0x34350000, 0x34f50000, 0x38350000)
   the space 12288K,  33% used [0x34350000, 0x34751fa0, 0x34752000, 0x34f50000)
    ro space 10240K,  41% used [0x38350000, 0x38782050, 0x38782200, 0x38d50000)
    rw space 12288K,  52% used [0x38d50000, 0x39396800, 0x39396800, 0x39950000)
Event: 3.518 GC heap after
Heap after GC invocations=13 (full 4):
 def new generation   total 9472K, used 993K [0x24350000, 0x24d90000, 0x298a0000)
  eden space 8448K,   0% used [0x24350000, 0x24350000, 0x24b90000)
  from space 1024K,  97% used [0x24c90000, 0x24d88638, 0x24d90000)
  to   space 1024K,   0% used [0x24b90000, 0x24b90000, 0x24c90000)
 tenured generation   total 20852K, used 18772K [0x298a0000, 0x2acfd000, 0x34350000)
   the space 20852K,  90% used [0x298a0000, 0x2aaf5098, 0x2aaf5200, 0x2acfd000)
 compacting perm gen  total 12288K, used 4103K [0x34350000, 0x34f50000, 0x38350000)
   the space 12288K,  33% used [0x34350000, 0x34751fa0, 0x34752000, 0x34f50000)
    ro space 10240K,  41% used [0x38350000, 0x38782050, 0x38782200, 0x38d50000)
    rw space 12288K,  52% used [0x38d50000, 0x39396800, 0x39396800, 0x39950000)
}
Event: 45.838 GC heap before
{Heap before GC invocations=13 (full 4):
 def new generation   total 9472K, used 9150K [0x24350000, 0x24d90000, 0x298a0000)
  eden space 8448K,  96% used [0x24350000, 0x24b47298, 0x24b90000)
  from space 1024K,  97% used [0x24c90000, 0x24d88638, 0x24d90000)
  to   space 1024K,   0% used [0x24b90000, 0x24b90000, 0x24c90000)
 tenured generation   total 20852K, used 18772K [0x298a0000, 0x2acfd000, 0x34350000)
   the space 20852K,  90% used [0x298a0000, 0x2aaf5098, 0x2aaf5200, 0x2acfd000)
 compacting perm gen  total 12288K, used 4136K [0x34350000, 0x34f50000, 0x38350000)
   the space 12288K,  33% used [0x34350000, 0x3475a1b8, 0x3475a200, 0x34f50000)
    ro space 10240K,  41% used [0x38350000, 0x38782050, 0x38782200, 0x38d50000)
    rw space 12288K,  52% used [0x38d50000, 0x39396800, 0x39396800, 0x39950000)
Event: 45.858 GC heap after
Heap after GC invocations=14 (full 5):
 def new generation   total 9472K, used 0K [0x24350000, 0x24d90000, 0x298a0000)
  eden space 8448K,   0% used [0x24350000, 0x24350000, 0x24b90000)
  from space 1024K,   0% used [0x24b90000, 0x24b90000, 0x24c90000)
  to   space 1024K,   0% used [0x24c90000, 0x24c90000, 0x24d90000)
 tenured generation   total 20852K, used 2257K [0x298a0000, 0x2acfd000, 0x34350000)
   the space 20852K,  10% used [0x298a0000, 0x29ad4660, 0x29ad4800, 0x2acfd000)
 compacting perm gen  total 12288K, used 4136K [0x34350000, 0x34f50000, 0x38350000)
   the space 12288K,  33% used [0x34350000, 0x3475a1b8, 0x3475a200, 0x34f50000)
    ro space 10240K,  41% used [0x38350000, 0x38782050, 0x38782200, 0x38d50000)
    rw space 12288K,  52% used [0x38d50000, 0x39396800, 0x39396800, 0x39950000)
}
Event: 45.904 GC heap before
{Heap before GC invocations=14 (full 5):
 def new generation   total 9472K, used 8413K [0x24350000, 0x24d90000, 0x298a0000)
  eden space 8448K,  99% used [0x24350000, 0x24b874d8, 0x24b90000)
  from space 1024K,   0% used [0x24b90000, 0x24b90000, 0x24c90000)
  to   space 1024K,   0% used [0x24c90000, 0x24c90000, 0x24d90000)
 tenured generation   total 20852K, used 2257K [0x298a0000, 0x2acfd000, 0x34350000)
   the space 20852K,  10% used [0x298a0000, 0x29ad4660, 0x29ad4800, 0x2acfd000)
 compacting perm gen  total 12288K, used 4136K [0x34350000, 0x34f50000, 0x38350000)
   the space 12288K,  33% used [0x34350000, 0x3475a1e8, 0x3475a200, 0x34f50000)
    ro space 10240K,  41% used [0x38350000, 0x38782050, 0x38782200, 0x38d50000)
    rw space 12288K,  52% used [0x38d50000, 0x39396800, 0x39396800, 0x39950000)
Event: 45.906 GC heap after
Heap after GC invocations=15 (full 5):
 def new generation   total 9472K, used 176K [0x24350000, 0x24d90000, 0x298a0000)
  eden space 8448K,   0% used [0x24350000, 0x24350000, 0x24b90000)
  from space 1024K,  17% used [0x24c90000, 0x24cbc050, 0x24d90000)
  to   space 1024K,   0% used [0x24b90000, 0x24b90000, 0x24c90000)
 tenured generation   total 20852K, used 10136K [0x298a0000, 0x2acfd000, 0x34350000)
   the space 20852K,  48% used [0x298a0000, 0x2a286228, 0x2a286400, 0x2acfd000)
 compacting perm gen  total 12288K, used 4136K [0x34350000, 0x34f50000, 0x38350000)
   the space 12288K,  33% used [0x34350000, 0x3475a1e8, 0x3475a200, 0x34f50000)
    ro space 10240K,  41% used [0x38350000, 0x38782050, 0x38782200, 0x38d50000)
    rw space 12288K,  52% used [0x38d50000, 0x39396800, 0x39396800, 0x39950000)
}
Event: 45.953 GC heap before
{Heap before GC invocations=15 (full 5):
 def new generation   total 9472K, used 8549K [0x24350000, 0x24d90000, 0x298a0000)
  eden space 8448K,  99% used [0x24350000, 0x24b7d698, 0x24b90000)
  from space 1024K,  17% used [0x24c90000, 0x24cbc050, 0x24d90000)
  to   space 1024K,   0% used [0x24b90000, 0x24b90000, 0x24c90000)
 tenured generation   total 20852K, used 10136K [0x298a0000, 0x2acfd000, 0x34350000)
   the space 20852K,  48% used [0x298a0000, 0x2a286228, 0x2a286400, 0x2acfd000)
 compacting perm gen  total 12288K, used 4136K [0x34350000, 0x34f50000, 0x38350000)
   the space 12288K,  33% used [0x34350000, 0x3475a208, 0x3475a400, 0x34f50000)
    ro space 10240K,  41% used [0x38350000, 0x38782050, 0x38782200, 0x38d50000)
    rw space 12288K,  52% used [0x38d50000, 0x39396800, 0x39396800, 0x39950000)
Event: 45.955 GC heap after
Heap after GC invocations=16 (full 5):
 def new generation   total 9472K, used 392K [0x24350000, 0x24d90000, 0x298a0000)
  eden space 8448K,   0% used [0x24350000, 0x24350000, 0x24b90000)
  from space 1024K,  38% used [0x24b90000, 0x24bf2020, 0x24c90000)
  to   space 1024K,   0% used [0x24c90000, 0x24c90000, 0x24d90000)
 tenured generation   total 20852K, used 18066K [0x298a0000, 0x2acfd000, 0x34350000)
   the space 20852K,  86% used [0x298a0000, 0x2aa44868, 0x2aa44a00, 0x2acfd000)
 compacting perm gen  total 12288K, used 4136K [0x34350000, 0x34f50000, 0x38350000)
   the space 12288K,  33% used [0x34350000, 0x3475a208, 0x3475a400, 0x34f50000)
    ro space 10240K,  41% used [0x38350000, 0x38782050, 0x38782200, 0x38d50000)
    rw space 12288K,  52% used [0x38d50000, 0x39396800, 0x39396800, 0x39950000)
}
Event: 46.026 GC heap before
{Heap before GC invocations=16 (full 5):
 def new generation   total 9472K, used 7547K [0x24350000, 0x24d90000, 0x298a0000)
  eden space 8448K,  84% used [0x24350000, 0x24a4cc48, 0x24b90000)
  from space 1024K,  38% used [0x24b90000, 0x24bf2020, 0x24c90000)
  to   space 1024K,   0% used [0x24c90000, 0x24c90000, 0x24d90000)
 tenured generation   total 20852K, used 18066K [0x298a0000, 0x2acfd000, 0x34350000)
   the space 20852K,  86% used [0x298a0000, 0x2aa44868, 0x2aa44a00, 0x2acfd000)
 compacting perm gen  total 12288K, used 4136K [0x34350000, 0x34f50000, 0x38350000)
   the space 12288K,  33% used [0x34350000, 0x3475a208, 0x3475a400, 0x34f50000)
    ro space 10240K,  41% used [0x38350000, 0x38782050, 0x38782200, 0x38d50000)
    rw space 12288K,  52% used [0x38d50000, 0x39396800, 0x39396800, 0x39950000)
Event: 46.047 GC heap after
Heap after GC invocations=17 (full 6):
 def new generation   total 19136K, used 0K [0x24350000, 0x25810000, 0x298a0000)
  eden space 17024K,   0% used [0x24350000, 0x24350000, 0x253f0000)
  from space 2112K,   0% used [0x253f0000, 0x253f0000, 0x25600000)
  to   space 2112K,   0% used [0x25600000, 0x25600000, 0x25810000)
 tenured generation   total 42356K, used 25412K [0x298a0000, 0x2c1fd000, 0x34350000)
   the space 42356K,  59% used [0x298a0000, 0x2b171108, 0x2b171200, 0x2c1fd000)
 compacting perm gen  total 12288K, used 4136K [0x34350000, 0x34f50000, 0x38350000)
   the space 12288K,  33% used [0x34350000, 0x3475a208, 0x3475a400, 0x34f50000)
    ro space 10240K,  41% used [0x38350000, 0x38782050, 0x38782200, 0x38d50000)
    rw space 12288K,  52% used [0x38d50000, 0x39396800, 0x39396800, 0x39950000)
}

Deoptimization events (0 events):
No events

Internal exceptions (10 events):
Event: 11.295 Thread 0x0052d000 Threw 0x24872e20 at C:\re\jdk7u51\527\hotspot\src\share\vm\prims\jvm.cpp:1244
Event: 11.296 Thread 0x0052d000 Threw 0x24876378 at C:\re\jdk7u51\527\hotspot\src\share\vm\prims\jvm.cpp:1244
Event: 11.296 Thread 0x0052d000 Threw 0x24878f10 at C:\re\jdk7u51\527\hotspot\src\share\vm\prims\jvm.cpp:1244
Event: 11.297 Thread 0x0052d000 Threw 0x2487df88 at C:\re\jdk7u51\527\hotspot\src\share\vm\prims\jvm.cpp:1244
Event: 11.297 Thread 0x0052d000 Threw 0x248811e0 at C:\re\jdk7u51\527\hotspot\src\share\vm\prims\jvm.cpp:1244
Event: 11.303 Thread 0x0052d000 Threw 0x24886b10 at C:\re\jdk7u51\527\hotspot\src\share\vm\prims\jvm.cpp:1244
Event: 11.303 Thread 0x0052d000 Threw 0x2488b568 at C:\re\jdk7u51\527\hotspot\src\share\vm\prims\jvm.cpp:1244
Event: 11.304 Thread 0x0052d000 Threw 0x24891560 at C:\re\jdk7u51\527\hotspot\src\share\vm\prims\jvm.cpp:1244
Event: 11.304 Thread 0x0052d000 Threw 0x24897790 at C:\re\jdk7u51\527\hotspot\src\share\vm\prims\jvm.cpp:1244
Event: 119.314 Thread 0x04eb6400 Threw 0x247abf50 at C:\re\jdk7u51\527\hotspot\src\share\vm\prims\jvm.cpp:1244

Events (10 events):
Event: 120.835 Executing VM operation: RevokeBias
Event: 120.835 Executing VM operation: RevokeBias done
Event: 120.835 Executing VM operation: RevokeBias
Event: 120.835 Executing VM operation: RevokeBias done
Event: 120.835 Executing VM operation: RevokeBias
Event: 120.835 Executing VM operation: RevokeBias done
Event: 120.835 Executing VM operation: BulkRevokeBias
Event: 120.836 Executing VM operation: BulkRevokeBias done
Event: 120.839 Executing VM operation: BulkRevokeBias
Event: 120.839 Executing VM operation: BulkRevokeBias done


Dynamic libraries:
0x01340000 - 0x0136f000 	E:\Program Files (x86)\Java\jre7\bin\javaw.exe
0x77b40000 - 0x77cc0000 	C:\Windows\SysWOW64\ntdll.dll
0x75a40000 - 0x75b50000 	C:\Windows\syswow64\kernel32.dll
0x75900000 - 0x75947000 	C:\Windows\syswow64\KERNELBASE.dll
0x756a0000 - 0x75740000 	C:\Windows\syswow64\ADVAPI32.dll
0x75850000 - 0x758fc000 	C:\Windows\syswow64\msvcrt.dll
0x77240000 - 0x77259000 	C:\Windows\SysWOW64\sechost.dll
0x75f40000 - 0x76030000 	C:\Windows\syswow64\RPCRT4.dll
0x75220000 - 0x75280000 	C:\Windows\syswow64\SspiCli.dll
0x75210000 - 0x7521c000 	C:\Windows\syswow64\CRYPTBASE.dll
0x77140000 - 0x77240000 	C:\Windows\syswow64\USER32.dll
0x75cd0000 - 0x75d60000 	C:\Windows\syswow64\GDI32.dll
0x75a20000 - 0x75a2a000 	C:\Windows\syswow64\LPK.dll
0x770a0000 - 0x7713e000 	C:\Windows\syswow64\USP10.dll
0x72ce0000 - 0x72e7e000 	C:\Windows\WinSxS\x86_microsoft.windows.common-controls_6595b64144ccf1df_6.0.7600.16661_none_420fe3fa2b8113bd\COMCTL32.dll
0x75ee0000 - 0x75f37000 	C:\Windows\syswow64\SHLWAPI.dll
0x75e80000 - 0x75ee0000 	C:\Windows\system32\IMM32.DLL
0x75b80000 - 0x75c4c000 	C:\Windows\syswow64\MSCTF.dll
0x5af10000 - 0x5afcf000 	E:\Program Files (x86)\Java\jre7\bin\msvcr100.dll
0x5ab90000 - 0x5af10000 	E:\Program Files (x86)\Java\jre7\bin\client\jvm.dll
0x71870000 - 0x71877000 	C:\Windows\system32\WSOCK32.dll
0x759e0000 - 0x75a15000 	C:\Windows\syswow64\WS2_32.dll
0x75840000 - 0x75846000 	C:\Windows\syswow64\NSI.dll
0x70620000 - 0x70652000 	C:\Windows\system32\WINMM.dll
0x75a30000 - 0x75a35000 	C:\Windows\syswow64\PSAPI.DLL
0x5cbf0000 - 0x5cbfc000 	E:\Program Files (x86)\Java\jre7\bin\verify.dll
0x5cbd0000 - 0x5cbf0000 	E:\Program Files (x86)\Java\jre7\bin\java.dll
0x5cbb0000 - 0x5cbc3000 	E:\Program Files (x86)\Java\jre7\bin\zip.dll
0x10000000 - 0x10028000 	E:\workspaces\java\TeraPacket\lib\jpcap.dll
0x01120000 - 0x0116c000 	C:\Windows\system32\wpcap.dll
0x00f30000 - 0x00f48000 	C:\Windows\system32\packet.dll
0x75140000 - 0x75149000 	C:\Windows\system32\VERSION.dll
0x72bd0000 - 0x72bec000 	C:\Windows\system32\iphlpapi.dll
0x72bc0000 - 0x72bc7000 	C:\Windows\system32\WINNSI.DLL
0x5aa40000 - 0x5ab83000 	E:\Program Files (x86)\Java\jre7\bin\awt.dll
0x75740000 - 0x757cf000 	C:\Windows\syswow64\OLEAUT32.dll
0x76f10000 - 0x7706c000 	C:\Windows\syswow64\ole32.dll
0x72860000 - 0x728e0000 	C:\Windows\system32\uxtheme.dll
0x70d90000 - 0x70da3000 	C:\Windows\system32\dwmapi.dll
0x5cb90000 - 0x5cba4000 	E:\Program Files (x86)\Java\jre7\bin\net.dll
0x71f00000 - 0x71f13000 	C:\Windows\system32\PrxerDrv.dll
0x71e00000 - 0x71e3c000 	C:\Windows\system32\mswsock.dll
0x71d80000 - 0x71d86000 	C:\Windows\System32\wship6.dll
0x72130000 - 0x7213f000 	E:\Program Files (x86)\Java\jre7\bin\nio.dll
0x76030000 - 0x76c79000 	C:\Windows\syswow64\SHELL32.dll
0x5cb50000 - 0x5cb89000 	E:\Program Files (x86)\Java\jre7\bin\fontmanager.dll
0x70450000 - 0x70613000 	C:\Windows\system32\d3d9.dll
0x70660000 - 0x70666000 	C:\Windows\system32\d3d8thk.dll
0x5ce40000 - 0x5dc42000 	C:\Windows\system32\nvd3dum.dll
0x06350000 - 0x06451000 	C:\Windows\system32\nvspcap.dll
0x76c80000 - 0x76d9e000 	C:\Windows\syswow64\CRYPT32.dll
0x77b10000 - 0x77b1c000 	C:\Windows\syswow64\MSASN1.dll
0x73240000 - 0x734fb000 	C:\Windows\system32\nvapi.dll
0x75440000 - 0x755dd000 	C:\Windows\syswow64\SETUPAPI.dll
0x75b50000 - 0x75b77000 	C:\Windows\syswow64\CFGMGR32.dll
0x77260000 - 0x77272000 	C:\Windows\syswow64\DEVOBJ.dll
0x721a0000 - 0x721c5000 	C:\Windows\system32\powrprof.dll
0x61380000 - 0x614b7000 	C:\Program Files (x86)\NVIDIA Corporation\3D Vision\nvSCPAPI.dll
0x5cb20000 - 0x5cb50000 	E:\Program Files (x86)\Java\jre7\bin\t2k.dll
0x6f710000 - 0x6f794000 	C:\Windows\WinSxS\x86_microsoft.windows.common-controls_6595b64144ccf1df_5.82.7600.16661_none_ebfb56996c72aefc\comctl32.dll
0x5cb00000 - 0x5cb20000 	E:\Program Files (x86)\Java\jre7\bin\sunec.dll
0x5caf0000 - 0x5caf9000 	E:\Program Files (x86)\Java\jre7\bin\sunmscapi.dll
0x75610000 - 0x75693000 	C:\Windows\syswow64\CLBCatQ.DLL
0x68800000 - 0x688fb000 	C:\Windows\system32\WindowsCodecs.dll
0x72470000 - 0x724bb000 	C:\Windows\system32\apphelp.dll
0x56550000 - 0x566f7000 	C:\PROGRA~2\MICROS~2\Office15\GROOVEEX.DLL
0x72080000 - 0x720e9000 	C:\Windows\system32\MSVCP100.dll
0x56880000 - 0x568a6000 	C:\Windows\system32\ATL100.DLL
0x72900000 - 0x72b40000 	C:\Windows\system32\msi.dll
0x557f0000 - 0x56073000 	C:\PROGRA~2\MICROS~2\Office15\1036\GrooveIntlResource.dll
0x56860000 - 0x56872000 	C:\Program Files (x86)\Common Files\TortoiseOverlays\TortoiseOverlays.dll
0x56840000 - 0x56854000 	E:\Program Files\TortoiseGit\bin\TortoiseGitStub32.dll
0x567c0000 - 0x5683e000 	E:\Program Files\TortoiseGit\bin\TortoiseGit32.dll
0x56740000 - 0x567be000 	E:\Program Files\TortoiseGit\bin\libgit232.dll
0x56720000 - 0x56735000 	E:\Program Files\TortoiseGit\bin\zlib132.dll
0x55710000 - 0x557e6000 	C:\Windows\system32\MSVCR110.dll
0x71d90000 - 0x71de8000 	C:\Windows\system32\WINHTTP.dll
0x71d00000 - 0x71d4f000 	C:\Windows\system32\webio.dll
0x55540000 - 0x55702000 	E:\Program Files\TortoiseGit\bin\gitdll32.dll
0x554b0000 - 0x55535000 	C:\Windows\system32\MSVCP110.dll
0x55430000 - 0x55461000 	C:\Windows\system32\EhStorShell.dll
0x6fda0000 - 0x6fe95000 	C:\Windows\system32\PROPSYS.dll
0x73740000 - 0x7374d000 	C:\Windows\system32\dhcpcsvc6.DLL
0x70140000 - 0x70152000 	C:\Windows\system32\dhcpcsvc.DLL
0x628b0000 - 0x6299b000 	C:\Windows\system32\dbghelp.dll

VM Arguments:
jvm_args: -Djava.library.path=E:/workspaces/java/TeraPacket/lib/ -Dfile.encoding=UTF-8 
java_command: com.angelis.tera.packet.MainPacket
Launcher Type: SUN_STANDARD

Environment Variables:
PATH=C:\Program Files (x86)\NVIDIA Corporation\PhysX\Common;C:\Program Files (x86)\Intel\iCLS Client\;C:\Program Files\Intel\iCLS Client\;C:\Windows\system32;C:\Windows;C:\Windows\System32\Wbem;C:\Windows\System32\WindowsPowerShell\v1.0\;C:\Program Files\Intel\Intel(R) Management Engine Components\DAL;C:\Program Files\Intel\Intel(R) Management Engine Components\IPT;C:\Program Files (x86)\Intel\Intel(R) Management Engine Components\DAL;C:\Program Files (x86)\Intel\Intel(R) Management Engine Components\IPT;E:\Program Files\TortoiseGit\bin;C:\Program Files\Microsoft Windows Performance Toolkit\;C:\Program Files\Microsoft SQL Server\110\Tools\Binn\;E:\xampp\php;E:\xampp\ant\bin;E:\xampp\maven\bin;E:\xampp\mongodb\bin;E:\xampp\apache\bin;E:\Program Files\nodejs;E:\xampp\mysql\bin;E:\Python
USERNAME=Angelis
OS=Windows_NT
PROCESSOR_IDENTIFIER=Intel64 Family 6 Model 45 Stepping 7, GenuineIntel



---------------  S Y S T E M  ---------------

OS: Windows 7 , 64 bit Build 7600 

CPU:total 8 (4 cores per cpu, 2 threads per core) family 6 model 45 stepping 7, cmov, cx8, fxsr, mmx, sse, sse2, sse3, ssse3, sse4.1, sse4.2, popcnt, aes, ht, tsc, tscinvbit, tscinv

Memory: 4k page, physical 16722444k(11240784k free), swap 33442992k(27037120k free)

vm_info: Java HotSpot(TM) Client VM (24.51-b03) for windows-x86 JRE (1.7.0_51-b13), built on Dec 18 2013 19:09:58 by "java_re" with unknown MS VC++:1600

time: Wed Mar 12 19:14:46 2014
elapsed time: 120 seconds

